<?xml version="1.0" encoding="UTF-8"?>
<!-- Generated by org.testng.reporters.JUnitReportReporter -->
<testsuite hostname="DESKTOP-T6Q2RCQ" failures="0" tests="5" name="testCases.TC_003_LoginDDT" time="38.246" errors="0" timestamp="2024-04-05T06:49:21 EDT" skipped="0">
  <testcase classname="testCases.TC_003_LoginDDT" name="verify_LoginDDT" time="11.502"/>
  <testcase classname="testCases.TC_003_LoginDDT" name="verify_LoginDDT" time="11.381"/>
  <testcase classname="testCases.TC_003_LoginDDT" name="verify_LoginDDT" time="2.187"/>
  <testcase classname="testCases.TC_003_LoginDDT" name="verify_LoginDDT" time="1.884"/>
  <testcase classname="testCases.TC_003_LoginDDT" name="verify_LoginDDT" time="11.292"/>
</testsuite> <!-- testCases.TC_003_LoginDDT -->
