<?xml version="1.0" encoding="UTF-8"?>
<!-- Generated by org.testng.reporters.JUnitReportReporter -->
<testsuite hostname="DESKTOP-T6Q2RCQ" failures="0" tests="1" name="testCases.TC_001_AccountRegistration" time="6.493" errors="0" timestamp="2024-04-05T06:49:21 EDT" skipped="0">
  <testcase classname="testCases.TC_001_AccountRegistration" name="verifyAccountRegistration" time="6.493"/>
</testsuite> <!-- testCases.TC_001_AccountRegistration -->
