<?xml version="1.0" encoding="UTF-8"?>
<!-- Generated by org.testng.reporters.JUnitReportReporter -->
<testsuite hostname="DESKTOP-T6Q2RCQ" failures="0" tests="1" name="testCases.TC_002_Login" time="2.897" errors="0" timestamp="2024-04-05T05:50:10 EDT" skipped="0">
  <testcase classname="testCases.TC_002_Login" name="verifyAccountLogin" time="2.897"/>
</testsuite> <!-- testCases.TC_002_Login -->
