<?xml version="1.0" encoding="UTF-8"?>
<!-- Generated by org.testng.reporters.JUnitReportReporter -->
<testsuite hostname="DESKTOP-T6Q2RCQ" failures="0" tests="5" name="testCases.TC_003_LoginDDT" time="38.350" errors="0" timestamp="2024-04-05T07:06:09 EDT" skipped="0">
  <testcase classname="testCases.TC_003_LoginDDT" name="verify_LoginDDT" time="2.206"/>
  <testcase classname="testCases.TC_003_LoginDDT" name="verify_LoginDDT" time="11.422"/>
  <testcase classname="testCases.TC_003_LoginDDT" name="verify_LoginDDT" time="1.872"/>
  <testcase classname="testCases.TC_003_LoginDDT" name="verify_LoginDDT" time="11.335"/>
  <testcase classname="testCases.TC_003_LoginDDT" name="verify_LoginDDT" time="11.515"/>
</testsuite> <!-- testCases.TC_003_LoginDDT -->
